<?xml version="1.0" encoding="UTF-8"?>
<testsuite xmlns:xsi="http://www.w3.org/2001/XMLSchema-instance" xsi:noNamespaceSchemaLocation="https://maven.apache.org/surefire/maven-surefire-plugin/xsd/surefire-test-report-3.0.xsd" version="3.0" name="TestSuite" time="29.184" tests="2" errors="0" skipped="1" failures="0">
  <properties>
[...]
</properties>
  <testcase name="LoginErrorValidation" classname="ravinaprojects.tests.ErrorValidationTest" time="0.532">
    <system-out><![CDATA[/Users/pavanyadav/DDrive/Selenium/Eclipse/SeleniumFramework/reports/index.html
Test Passed: LoginErrorValidation
]]></system-out>
    <system-err><![CDATA[SLF4J(W): No SLF4J providers were found.
SLF4J(W): Defaulting to no-operation (NOP) logger implementation
SLF4J(W): See https://www.slf4j.org/codes.html#noProviders for further details.
Mar 16, 2025 7:48:28 PM org.openqa.selenium.devtools.CdpVersionFinder findNearestMatch
WARNING: Unable to find an exact match for CDP version 134, returning the closest version; found: 132; Please update to a Selenium version that supports CDP version 134
Mar 16, 2025 7:48:28 PM org.openqa.selenium.devtools.CdpVersionFinder findNearestMatch
WARNING: Unable to find an exact match for CDP version 134, returning the closest version; found: 132; Please update to a Selenium version that supports CDP version 134
]]></system-err>
  </testcase>
  <testcase name="OrderHistoryTest" classname="ravinaprojects.tests.SubmitOrderTest" time="0">
    <skipped message="Method ravinaprojects.tests.SubmitOrderTest.OrderHistoryTest() on instance ravinaprojects.tests.SubmitOrderTest@33bc72d1 depends on not successfully finished methods &#10;[ravinaprojects.tests.SubmitOrderTest.submitOrder() on instance ravinaprojects.tests.SubmitOrderTest@33bc72d1]"/>
    <system-out><![CDATA[Test Failed: submitOrder
/Users/pavanyadav/DDrive/Selenium/Eclipse/SeleniumFramework/reports/submitOrder.png
Test Failed: ProductErrorValidation
/Users/pavanyadav/DDrive/Selenium/Eclipse/SeleniumFramework/reports/ProductErrorValidation.png
All Tests Finished!
Test Failed: submitOrder
/Users/pavanyadav/DDrive/Selenium/Eclipse/SeleniumFramework/reports/submitOrder.png
Test Skipped: OrderHistoryTest
]]></system-out>
    <system-err><![CDATA[Mar 16, 2025 7:48:32 PM org.openqa.selenium.devtools.CdpVersionFinder findNearestMatch
WARNING: Unable to find an exact match for CDP version 134, returning the closest version; found: 132; Please update to a Selenium version that supports CDP version 134
Mar 16, 2025 7:48:42 PM org.openqa.selenium.devtools.CdpVersionFinder findNearestMatch
WARNING: Unable to find an exact match for CDP version 134, returning the closest version; found: 132; Please update to a Selenium version that supports CDP version 134
]]></system-err>
  </testcase>
</testsuite>